Command line:
   tb_lcd_top_isim_beh.exe
     -simmode  gui
     -simrunnum  0
     -socket  59676

Tue Dec 16 18:15:57 2014


 Elaboration Time: 0.01 sec

 Current Memory Usage: 181.686 Meg

 Total Signals          : 93
 Total Nets             : 264
 Total Signal Drivers   : 45
 Total Blocks           : 14
 Total Primitive Blocks : 11
 Total Processes        : 35
 Total Traceable Variables  : 23
 Total Scalar Nets and Variables : 804
Total Line Count : 153
Total Line Count : 153

 Total Simulation Time: 15.5 sec

 Current Memory Usage: 257.188 Meg

Tue Dec 16 18:20:48 2014

