ISim log file
Running: C:\proyectoTD\lcdOWN\tb_lcd_top_isim_beh.exe -intstyle ise -gui -tclbatch isim.cmd -wdb C:/proyectoTD/lcdOWN/tb_lcd_top_isim_beh.wdb 
ISim P.49d (signature 0x7708f090)
WARNING: A WEBPACK license was found.
WARNING: Please use Xilinx License Configuration Manager to check out a full ISim license.
WARNING: ISim will run in Lite mode. Please refer to the ISim documentation for more information on the differences between the Lite and the Full version.
This is a Lite version of ISim.
Time resolution is 1 ps
# onerror resume
# wave add /
# run 1000 ns
Simulator is doing circuit initialization process.
at 0 ps, Instance /tb_lcd_top/uut/tmr_unit/ : Warning: NUMERIC_STD."<": metavalue detected, returning FALSE
at 0 ps, Instance /tb_lcd_top/uut/tmr_unit/ : Warning: NUMERIC_STD."=": metavalue detected, returning FALSE
at 0 ps, Instance /tb_lcd_top/uut/lcd_unit/tmr_unit/ : Warning: NUMERIC_STD."<": metavalue detected, returning FALSE
at 0 ps, Instance /tb_lcd_top/uut/lcd_unit/tmr_unit/ : Warning: NUMERIC_STD."=": metavalue detected, returning FALSE
Finished circuit initialization process.
at 0 ps, Instance /tb_lcd_top/uut/tmr_unit/ : Warning: NUMERIC_STD."<": metavalue detected, returning FALSE
at 0 ps, Instance /tb_lcd_top/uut/tmr_unit/ : Warning: NUMERIC_STD."=": metavalue detected, returning FALSE
at 0 ps, Instance /tb_lcd_top/uut/lcd_unit/tmr_unit/ : Warning: NUMERIC_STD."=": metavalue detected, returning FALSE
# restart
# run 11ms
Simulator is doing circuit initialization process.
at 0 ps, Instance /tb_lcd_top/uut/tmr_unit/ : Warning: NUMERIC_STD."<": metavalue detected, returning FALSE
at 0 ps, Instance /tb_lcd_top/uut/tmr_unit/ : Warning: NUMERIC_STD."=": metavalue detected, returning FALSE
at 0 ps, Instance /tb_lcd_top/uut/lcd_unit/tmr_unit/ : Warning: NUMERIC_STD."<": metavalue detected, returning FALSE
at 0 ps, Instance /tb_lcd_top/uut/lcd_unit/tmr_unit/ : Warning: NUMERIC_STD."=": metavalue detected, returning FALSE
Finished circuit initialization process.
at 0 ps, Instance /tb_lcd_top/uut/tmr_unit/ : Warning: NUMERIC_STD."<": metavalue detected, returning FALSE
at 0 ps, Instance /tb_lcd_top/uut/tmr_unit/ : Warning: NUMERIC_STD."=": metavalue detected, returning FALSE
at 0 ps, Instance /tb_lcd_top/uut/lcd_unit/tmr_unit/ : Warning: NUMERIC_STD."=": metavalue detected, returning FALSE
# restart
# run 10ms
Simulator is doing circuit initialization process.
at 0 ps, Instance /tb_lcd_top/uut/tmr_unit/ : Warning: NUMERIC_STD."<": metavalue detected, returning FALSE
at 0 ps, Instance /tb_lcd_top/uut/tmr_unit/ : Warning: NUMERIC_STD."=": metavalue detected, returning FALSE
at 0 ps, Instance /tb_lcd_top/uut/lcd_unit/tmr_unit/ : Warning: NUMERIC_STD."<": metavalue detected, returning FALSE
at 0 ps, Instance /tb_lcd_top/uut/lcd_unit/tmr_unit/ : Warning: NUMERIC_STD."=": metavalue detected, returning FALSE
Finished circuit initialization process.
at 0 ps, Instance /tb_lcd_top/uut/tmr_unit/ : Warning: NUMERIC_STD."<": metavalue detected, returning FALSE
at 0 ps, Instance /tb_lcd_top/uut/tmr_unit/ : Warning: NUMERIC_STD."=": metavalue detected, returning FALSE
at 0 ps, Instance /tb_lcd_top/uut/lcd_unit/tmr_unit/ : Warning: NUMERIC_STD."=": metavalue detected, returning FALSE
