ISim log file
Running: /home/seba/Documents/proyectoTD/proyectoTD/Torres_1469344/tb_div_36e2_isim_beh.exe -intstyle ise -gui -tclbatch isim.cmd -wdb /home/seba/Documents/proyectoTD/proyectoTD/Torres_1469344/tb_div_36e2_isim_beh.wdb 
ISim P.49d (signature 0xfbc00daa)
WARNING: A WEBPACK license was found.
WARNING: Please use Xilinx License Configuration Manager to check out a full ISim license.
WARNING: ISim will run in Lite mode. Please refer to the ISim documentation for more information on the differences between the Lite and the Full version.
This is a Lite version of ISim.
Time resolution is 1 ps
# onerror resume
# wave add /
# run 1000 ns
Simulator is doing circuit initialization process.
at 0 ps, Instance /tb_div_36e2/uut/ : Warning: NUMERIC_STD."<": metavalue detected, returning FALSE
at 0 ps, Instance /tb_div_36e2/uut/ : Warning: NUMERIC_STD."=": metavalue detected, returning FALSE
Finished circuit initialization process.
at 0 ps, Instance /tb_div_36e2/uut/ : Warning: NUMERIC_STD."<": metavalue detected, returning FALSE
at 0 ps, Instance /tb_div_36e2/uut/ : Warning: NUMERIC_STD."=": metavalue detected, returning FALSE
# restart
# run 20us
Simulator is doing circuit initialization process.
at 0 ps, Instance /tb_div_36e2/uut/ : Warning: NUMERIC_STD."<": metavalue detected, returning FALSE
at 0 ps, Instance /tb_div_36e2/uut/ : Warning: NUMERIC_STD."=": metavalue detected, returning FALSE
Finished circuit initialization process.
at 0 ps, Instance /tb_div_36e2/uut/ : Warning: NUMERIC_STD."<": metavalue detected, returning FALSE
at 0 ps, Instance /tb_div_36e2/uut/ : Warning: NUMERIC_STD."=": metavalue detected, returning FALSE
# restart
# run 70us
Simulator is doing circuit initialization process.
at 0 ps, Instance /tb_div_36e2/uut/ : Warning: NUMERIC_STD."<": metavalue detected, returning FALSE
at 0 ps, Instance /tb_div_36e2/uut/ : Warning: NUMERIC_STD."=": metavalue detected, returning FALSE
Finished circuit initialization process.
at 0 ps, Instance /tb_div_36e2/uut/ : Warning: NUMERIC_STD."<": metavalue detected, returning FALSE
at 0 ps, Instance /tb_div_36e2/uut/ : Warning: NUMERIC_STD."=": metavalue detected, returning FALSE
# restart
# run 100us
Simulator is doing circuit initialization process.
at 0 ps, Instance /tb_div_36e2/uut/ : Warning: NUMERIC_STD."<": metavalue detected, returning FALSE
at 0 ps, Instance /tb_div_36e2/uut/ : Warning: NUMERIC_STD."=": metavalue detected, returning FALSE
Finished circuit initialization process.
at 0 ps, Instance /tb_div_36e2/uut/ : Warning: NUMERIC_STD."<": metavalue detected, returning FALSE
at 0 ps, Instance /tb_div_36e2/uut/ : Warning: NUMERIC_STD."=": metavalue detected, returning FALSE

** Failure:Simulation Completed
User(VHDL) Code Called Simulation Stop
In process tb_div_36e2.vhd:stim_proc 
 
INFO: Simulator is stopped.
# exit 0
