#:C9     
#Xilinx FPGA Editor Command Log File
#Editor Version:
#:V   NT M2.1 P.49d
#Current Working Directory:
#:D   C:\print_texto\lcd
#Date/Time:
#:T   Sat Nov 22 14:49:33 2014
#------------------------------
	#Reading lcd_top_map.ncd...
	#Loading device for application Rf_Device from file '3s500e.nph' in environment C:\Xilinx\14.4\ISE_DS\ISE\.
	#   "lcd_top" is an NCD, version 3.2, device xc3s500e, package fg320, speed -5
	#Design creation date: 2014.11.22.16.49.09
	#Building chip graphics...
	#Loading speed info...
	#1
setattr main edit-mode no-logic-changes
	#2
select -k comp 'char_reg<1>'
	#3
unselect comp 'char_reg<1>'
	#4
select -k comp 'char_reg<2>'
	#5
unselect comp 'char_reg<2>'
	#6
select -k comp 'char_reg<1>'
	#7
add
	#WARNING:FPGAEditor:131 - The selection contains objects that are being ignored by the add command.
	#WARNING:FPGAEditor:132 - The add command did not find anything to add.
	#8
post attr
	#9
unpost comp "char_reg<1>"
	#10
unselect comp 'char_reg<1>'
	#11
select -k comp 'clk'
	#12
unselect comp 'clk'
	#13
select -k comp 'lcd_data<3>'
	#14
post attr
	#15
unpost comp "lcd_data<3>"
	#16
autoroute
	#WARNING:FPGAEditor:310 - Cannot route component "lcd_data<3>" -- it is not placed.
